<?xml version="1.0" encoding="UTF-8"?>
<!-- Generated by org.testng.reporters.JUnitReportReporter -->
<testsuite hostname="Harishs-MacBook-Air.local" failures="0" tests="1" name="testscripts.DashboardTest" time="1.413" errors="0" timestamp="2025-02-23T11:12:34 IST" skipped="0">
  <testcase classname="testscripts.DashboardTest" name="verifyDashboardPage" time="1.413"/>
  <system-out/>
</testsuite> <!-- testscripts.DashboardTest -->
