<?xml version="1.0" encoding="UTF-8"?>
<!-- Generated by org.testng.reporters.JUnitReportReporter -->
<testsuite hostname="Harishs-MacBook-Air.local" failures="0" tests="5" name="testscripts.LoginTest" time="22.217" errors="0" timestamp="2025-02-23T10:22:42 IST" skipped="0">
  <testcase classname="testscripts.LoginTest" name="verifyValidLoginCredentials" time="3.966"/>
  <system-out/>
  <testcase classname="testscripts.LoginTest" name="verifyValidLoginCredentials" time="3.985"/>
  <system-out/>
  <testcase classname="testscripts.LoginTest" name="verifyValidLoginCredentials" time="4.339"/>
  <system-out/>
  <testcase classname="testscripts.LoginTest" name="verifyValidLoginCredentials" time="4.273"/>
  <system-out/>
  <testcase classname="testscripts.LoginTest" name="verifyValidLoginCredentials" time="5.654"/>
  <system-out/>
</testsuite> <!-- testscripts.LoginTest -->
